<?xml version="1.0" encoding="UTF-8"?>
<!-- Generated by org.testng.reporters.JUnitXMLReporter -->
<testsuite hostname="SDN-272" name="Test2" tests="1" failures="1" timestamp="17 Jan 2018 10:42:24 GMT" time="0.11" errors="0">
  <testcase name="ProspectSmartSearch" time="0.003" classname="RRMMS.Test.CreateProspect">
    <failure type="java.lang.NullPointerException">
      <![CDATA[java.lang.NullPointerException
	at RRMMS.utility.ScreenShots.screenshots(ScreenShots.java:15)
	at RRMMS.Test.CreateProspect.ProspectSmartSearch(CreateProspect.java:83)
... Removed 24 stack frames]]>
    </failure>
  </testcase> <!-- ProspectSmartSearch -->
</testsuite> <!-- Test2 -->
