<?xml version="1.0" encoding="UTF-8"?>
<testng-results skipped="0" failed="0" total="1" passed="1">
  <reporter-output>
  </reporter-output>
  <suite name="Default suite" duration-ms="55922" started-at="2018-06-19T15:09:31Z" finished-at="2018-06-19T15:10:27Z">
    <groups>
    </groups>
    <test name="Default test" duration-ms="55922" started-at="2018-06-19T15:09:31Z" finished-at="2018-06-19T15:10:27Z">
      <class name="RRMMS.Test.Association">
        <test-method status="PASS" signature="beforeMethod(java.lang.reflect.Method)[pri:0, instance:RRMMS.Test.Association@1a5b54]" name="beforeMethod" is-config="true" duration-ms="12" started-at="2018-06-19T20:39:31Z" finished-at="2018-06-19T20:39:31Z">
          <params>
            <param index="0">
              <value>
                <![CDATA[public void RRMMS.Test.Association.AssociationMain() throws java.lang.Exception]]>
              </value>
            </param>
          </params>
          <reporter-output>
          </reporter-output>
        </test-method> <!-- beforeMethod -->
        <test-method status="PASS" signature="AssociationMain()[pri:0, instance:RRMMS.Test.Association@1a5b54]" name="AssociationMain" duration-ms="55495" started-at="2018-06-19T20:39:31Z" finished-at="2018-06-19T20:40:26Z">
          <reporter-output>
          </reporter-output>
        </test-method> <!-- AssociationMain -->
        <test-method status="PASS" signature="afterMethod(org.testng.ITestResult)[pri:0, instance:RRMMS.Test.Association@1a5b54]" name="afterMethod" is-config="true" duration-ms="0" started-at="2018-06-19T20:40:26Z" finished-at="2018-06-19T20:40:26Z">
          <params>
            <param index="0">
              <value>
                <![CDATA[[TestResult name=AssociationMain status=SUCCESS method=Association.AssociationMain()[pri:0, instance:RRMMS.Test.Association@1a5b54] output={null}]]]>
              </value>
            </param>
          </params>
          <reporter-output>
          </reporter-output>
        </test-method> <!-- afterMethod -->
        <test-method status="PASS" signature="endTest()[pri:0, instance:RRMMS.Test.Association@1a5b54]" name="endTest" is-config="true" duration-ms="399" started-at="2018-06-19T20:40:26Z" finished-at="2018-06-19T20:40:27Z">
          <reporter-output>
          </reporter-output>
        </test-method> <!-- endTest -->
      </class> <!-- RRMMS.Test.Association -->
    </test> <!-- Default test -->
  </suite> <!-- Default suite -->
</testng-results>
