<?xml version="1.0" encoding="UTF-8"?>
<testng-results skipped="0" failed="0" total="2" passed="2">
  <reporter-output>
  </reporter-output>
  <suite name="Default suite" duration-ms="124793" started-at="2018-07-09T10:54:56Z" finished-at="2018-07-09T10:57:01Z">
    <groups>
    </groups>
    <test name="Default test" duration-ms="124793" started-at="2018-07-09T10:54:56Z" finished-at="2018-07-09T10:57:01Z">
      <class name="RRMMS.Test.EditProductionUnit">
        <test-method status="PASS" signature="ProductionUnitEdit()[pri:0, instance:RRMMS.Test.EditProductionUnit@1e69659]" name="ProductionUnitEdit" duration-ms="103466" started-at="2018-07-09T16:24:56Z" finished-at="2018-07-09T16:26:40Z">
          <reporter-output>
          </reporter-output>
        </test-method> <!-- ProductionUnitEdit -->
        <test-method status="PASS" signature="ProductionUnitMathDownload()[pri:0, instance:RRMMS.Test.EditProductionUnit@1e69659]" name="ProductionUnitMathDownload" duration-ms="21301" started-at="2018-07-09T16:26:40Z" finished-at="2018-07-09T16:27:01Z">
          <reporter-output>
          </reporter-output>
        </test-method> <!-- ProductionUnitMathDownload -->
      </class> <!-- RRMMS.Test.EditProductionUnit -->
    </test> <!-- Default test -->
  </suite> <!-- Default suite -->
</testng-results>
