<?xml version="1.0" encoding="UTF-8"?>
<testng-results skipped="0" failed="0" total="1" passed="1">
  <reporter-output>
  </reporter-output>
  <suite name="Default suite" duration-ms="231737" started-at="2018-05-04T10:08:03Z" finished-at="2018-05-04T10:11:55Z">
    <groups>
    </groups>
    <test name="Default test" duration-ms="231737" started-at="2018-05-04T10:08:03Z" finished-at="2018-05-04T10:11:55Z">
      <class name="RRMMS.Test.DivisionOrderWorkFlow">
        <test-method status="PASS" signature="beforeMethod(java.lang.reflect.Method)[pri:0, instance:RRMMS.Test.DivisionOrderWorkFlow@1a5b54]" name="beforeMethod" is-config="true" duration-ms="14" started-at="2018-05-04T15:38:03Z" finished-at="2018-05-04T15:38:03Z">
          <params>
            <param index="0">
              <value>
                <![CDATA[public void RRMMS.Test.DivisionOrderWorkFlow.CreateDivisionOrder() throws java.lang.Exception]]>
              </value>
            </param>
          </params>
          <reporter-output>
          </reporter-output>
        </test-method> <!-- beforeMethod -->
        <test-method status="PASS" signature="CreateDivisionOrder()[pri:0, instance:RRMMS.Test.DivisionOrderWorkFlow@1a5b54]" name="CreateDivisionOrder" duration-ms="231315" started-at="2018-05-04T15:38:03Z" finished-at="2018-05-04T15:41:54Z">
          <reporter-output>
          </reporter-output>
        </test-method> <!-- CreateDivisionOrder -->
        <test-method status="PASS" signature="afterMethod(org.testng.ITestResult)[pri:0, instance:RRMMS.Test.DivisionOrderWorkFlow@1a5b54]" name="afterMethod" is-config="true" duration-ms="1" started-at="2018-05-04T15:41:54Z" finished-at="2018-05-04T15:41:54Z">
          <params>
            <param index="0">
              <value>
                <![CDATA[[TestResult name=CreateDivisionOrder status=SUCCESS method=DivisionOrderWorkFlow.CreateDivisionOrder()[pri:0, instance:RRMMS.Test.DivisionOrderWorkFlow@1a5b54] output={null}]]]>
              </value>
            </param>
          </params>
          <reporter-output>
          </reporter-output>
        </test-method> <!-- afterMethod -->
        <test-method status="PASS" signature="endTest()[pri:0, instance:RRMMS.Test.DivisionOrderWorkFlow@1a5b54]" name="endTest" is-config="true" duration-ms="390" started-at="2018-05-04T15:41:54Z" finished-at="2018-05-04T15:41:55Z">
          <reporter-output>
          </reporter-output>
        </test-method> <!-- endTest -->
      </class> <!-- RRMMS.Test.DivisionOrderWorkFlow -->
    </test> <!-- Default test -->
  </suite> <!-- Default suite -->
</testng-results>
