<?xml version="1.0" encoding="UTF-8"?>
<testng-results skipped="0" failed="0" total="1" passed="1">
  <reporter-output>
  </reporter-output>
  <suite name="Default suite" duration-ms="2771702" started-at="2018-04-26T21:19:49Z" finished-at="2018-04-26T22:06:01Z">
    <groups>
    </groups>
    <test name="Default test" duration-ms="2771702" started-at="2018-04-26T21:19:49Z" finished-at="2018-04-26T22:06:01Z">
      <class name="RRMMS.Test.AssetOpen">
        <test-method status="PASS" signature="AllAssetOpen()[pri:0, instance:RRMMS.Test.AssetOpen@1e69659]" name="AllAssetOpen" duration-ms="2771686" started-at="2018-04-27T02:49:49Z" finished-at="2018-04-27T03:36:01Z">
          <reporter-output>
          </reporter-output>
        </test-method> <!-- AllAssetOpen -->
      </class> <!-- RRMMS.Test.AssetOpen -->
    </test> <!-- Default test -->
  </suite> <!-- Default suite -->
</testng-results>
